<?xml version="1.0" encoding="utf-8"?><testsuites name="pytest tests"><testsuite name="pytest" errors="0" failures="0" skipped="0" tests="9" time="41.404" timestamp="2026-06-10T11:44:26.351554+00:00" hostname="agent-env-7e48a8c3-74c0-4942-876c-353fe1dd344f"><testcase classname="backend.tests.test_ai_chat.TestChatAuth" name="test_chat_without_auth_returns_401_or_403" time="0.209" /><testcase classname="backend.tests.test_ai_chat.TestChatAuth" name="test_chat_empty_body_without_auth_returns_error" time="0.124" /><testcase classname="backend.tests.test_ai_chat.TestChatCore" name="test_chat_empty_history_returns_success" time="9.125" /><testcase classname="backend.tests.test_ai_chat.TestChatCore" name="test_chat_response_text_is_non_empty_string" time="11.570" /><testcase classname="backend.tests.test_ai_chat.TestChatCore" name="test_chat_with_conversation_history" time="5.480" /><testcase classname="backend.tests.test_ai_chat.TestChatCore" name="test_chat_envelope_message_field" time="3.351" /><testcase classname="backend.tests.test_ai_chat.TestChatCore" name="test_chat_missing_message_field_returns_422" time="0.044" /><testcase classname="backend.tests.test_ai_chat.TestRegressionAI" name="test_borrower_score_endpoint_still_works" time="4.524" /><testcase classname="backend.tests.test_ai_chat.TestRegressionAI" name="test_lender_match_endpoint_still_works" time="6.902" /></testsuite></testsuites>