<?xml version="1.0" encoding="utf-8"?><testsuites name="pytest tests"><testsuite name="pytest" errors="0" failures="0" skipped="0" tests="31" time="4.000" timestamp="2026-05-23T19:54:50.600689+00:00" hostname="agent-env-c3a8ea98-54f0-48fd-bd26-6443cf6b5783"><testcase classname="backend.tests.test_ext7_team_permission.TestAdminLogin" name="test_admin_login_returns_200" time="0.489" /><testcase classname="backend.tests.test_ext7_team_permission.TestAdminLogin" name="test_admin_login_role_is_admin" time="0.342" /><testcase classname="backend.tests.test_ext7_team_permission.TestAdminLogin" name="test_admin_me_endpoint" time="0.388" /><testcase classname="backend.tests.test_ext7_team_permission.TestAdminCasesAccess" name="test_list_cases_returns_200" time="0.051" /><testcase classname="backend.tests.test_ext7_team_permission.TestAdminCasesAccess" name="test_list_cases_returns_cases_array" time="0.051" /><testcase classname="backend.tests.test_ext7_team_permission.TestAdminCasesAccess" name="test_list_cases_has_total_field" time="0.059" /><testcase classname="backend.tests.test_ext7_team_permission.TestAdminCasesAccess" name="test_admin_can_get_any_case" time="0.105" /><testcase classname="backend.tests.test_ext7_team_permission.TestAdminCasesAccess" name="test_admin_create_case_sets_assigned_broker_id" time="0.105" /><testcase classname="backend.tests.test_ext7_team_permission.TestAdminCasesAccess" name="test_admin_can_update_any_case" time="0.149" /><testcase classname="backend.tests.test_ext7_team_permission.TestAdminCasesAccess" name="test_admin_can_patch_stage_any_case" time="0.101" /><testcase classname="backend.tests.test_ext7_team_permission.TestAdminCasesAccess" name="test_admin_delete_own_created_case" time="0.097" /><testcase classname="backend.tests.test_ext7_team_permission.TestAdminCommissionsAccess" name="test_list_commissions_returns_200" time="0.062" /><testcase classname="backend.tests.test_ext7_team_permission.TestAdminCommissionsAccess" name="test_list_commissions_response_structure" time="0.049" /><testcase classname="backend.tests.test_ext7_team_permission.TestAdminCommissionsAccess" name="test_list_commissions_not_filtered_by_user_id" time="0.050" /><testcase classname="backend.tests.test_ext7_team_permission.TestAdminCommissionsAccess" name="test_clawback_risk_endpoint_accessible" time="0.049" /><testcase classname="backend.tests.test_ext7_team_permission.TestAdminNotesAccess" name="test_notes_on_existing_case" time="0.103" /><testcase classname="backend.tests.test_ext7_team_permission.TestAdminNotesAccess" name="test_case_notes_nested_route" time="0.096" /><testcase classname="backend.tests.test_ext7_team_permission.TestTeamMembersEndpoint" name="test_team_members_endpoint_accessible_for_admin" time="0.065" /><testcase classname="backend.tests.test_ext7_team_permission.TestTeamMembersEndpoint" name="test_team_members_correct_url_not_double_auth" time="0.100" /><testcase classname="backend.tests.test_ext7_team_permission.TestTeamMembersEndpoint" name="test_team_members_returns_success_true" time="0.048" /><testcase classname="backend.tests.test_ext7_team_permission.TestTeamMembersEndpoint" name="test_team_members_no_team_id_returns_empty_list" time="0.094" /><testcase classname="backend.tests.test_ext7_team_permission.TestTeamMembersEndpoint" name="test_team_members_returns_403_for_adviser" time="0.737" /><testcase classname="backend.tests.test_ext7_team_permission.TestTeamMembersEndpoint" name="test_team_members_data_field_is_list" time="0.047" /><testcase classname="backend.tests.test_ext7_team_permission.TestCaseFilterLogic" name="test_admin_case_list_not_filtered" time="0.049" /><testcase classname="backend.tests.test_ext7_team_permission.TestCaseFilterLogic" name="test_adviser_case_list_filters_own_cases" time="0.055" /><testcase classname="backend.tests.test_ext7_team_permission.TestAdviserAccessRestrictions" name="test_adviser_cannot_get_admin_case" time="0.216" /><testcase classname="backend.tests.test_ext7_team_permission.TestAdviserAccessRestrictions" name="test_adviser_cannot_get_notes_on_admin_case" time="0.145" /><testcase classname="backend.tests.test_ext7_team_permission.TestMigrationScript" name="test_migration_script_exists" time="0.000" /><testcase classname="backend.tests.test_ext7_team_permission.TestMigrationScript" name="test_migration_script_has_async_main" time="0.000" /><testcase classname="backend.tests.test_ext7_team_permission.TestMigrationScript" name="test_migration_script_handles_missing_assigned_broker" time="0.000" /><testcase classname="backend.tests.test_ext7_team_permission.TestMigrationScript" name="test_migration_script_idempotent_comment" time="0.002" /></testsuite></testsuites>