<?xml version="1.0" encoding="utf-8"?><testsuites name="pytest tests"><testsuite name="pytest" errors="0" failures="0" skipped="0" tests="12" time="1.801" timestamp="2026-05-23T15:17:18.804284+00:00" hostname="agent-env-76c17c96-d5da-46e9-9f88-a13c59ac07ad"><testcase classname="backend.tests.test_extensions_3_4.TestReminders" name="test_reminders_response_shape" time="0.734" /><testcase classname="backend.tests.test_extensions_3_4.TestReminders" name="test_due_soon_contains_our_commission" time="0.050" /><testcase classname="backend.tests.test_extensions_3_4.TestReminders" name="test_overdue_contains_our_commission" time="0.051" /><testcase classname="backend.tests.test_extensions_3_4.TestReminders" name="test_received_excluded_from_reminders" time="0.054" /><testcase classname="backend.tests.test_extensions_3_4.TestReminders" name="test_due_soon_sorted_ascending" time="0.051" /><testcase classname="backend.tests.test_extensions_3_4.TestReminders" name="test_overdue_sorted_ascending" time="0.056" /><testcase classname="backend.tests.test_extensions_3_4.TestEnrichment" name="test_cases_enriched_with_client_and_lender_name" time="0.053" /><testcase classname="backend.tests.test_extensions_3_4.TestEnrichment" name="test_commissions_enriched" time="0.054" /><testcase classname="backend.tests.test_extensions_3_4.TestInvoicePersistence" name="test_invoice_persists_invoice_number_on_commission" time="0.116" /><testcase classname="backend.tests.test_extensions_3_4.TestRegression" name="test_notes_for_case" time="0.101" /><testcase classname="backend.tests.test_extensions_3_4.TestRegression" name="test_cases_list_works" time="0.051" /><testcase classname="backend.tests.test_extensions_3_4.TestRegression" name="test_dashboard_stats" time="0.347" /></testsuite></testsuites>