<?xml version="1.0" encoding="utf-8"?><testsuites name="pytest tests"><testsuite name="pytest" errors="0" failures="0" skipped="0" tests="16" time="48.356" timestamp="2026-06-10T02:10:01.157978+00:00" hostname="agent-env-7e48a8c3-74c0-4942-876c-353fe1dd344f"><testcase classname="backend.tests.test_ai_daily_briefing.TestAuth" name="test_get_without_auth" time="0.752" /><testcase classname="backend.tests.test_ai_daily_briefing.TestAuth" name="test_delete_without_auth" time="0.195" /><testcase classname="backend.tests.test_ai_daily_briefing.TestAuth" name="test_probe_without_auth" time="0.175" /><testcase classname="backend.tests.test_ai_daily_briefing.TestProbe" name="test_probe_with_no_cache_is_fast_and_returns_null" time="0.088" /><testcase classname="backend.tests.test_ai_daily_briefing.TestProbe" name="test_probe_response_envelope_shape" time="0.095" /><testcase classname="backend.tests.test_ai_daily_briefing.TestGenerateAndCache" name="test_first_call_generates_then_second_call_uses_cache" time="9.215" /><testcase classname="backend.tests.test_ai_daily_briefing.TestGenerateAndCache" name="test_probe_with_existing_cache_returns_cached" time="0.061" /><testcase classname="backend.tests.test_ai_daily_briefing.TestDeleteCache" name="test_delete_response_shape" time="0.091" /><testcase classname="backend.tests.test_ai_daily_briefing.TestDeleteCache" name="test_delete_clears_cache_and_probe_returns_false" time="8.358" /><testcase classname="backend.tests.test_ai_daily_briefing.TestDeleteCache" name="test_delete_then_get_regenerates" time="8.083" /><testcase classname="backend.tests.test_ai_daily_briefing.TestDeleteCache" name="test_delete_without_existing_cache_is_idempotent" time="0.091" /><testcase classname="backend.tests.test_ai_daily_briefing.TestContentAndPersistence" name="test_briefing_mentions_pipeline_context" time="9.111" /><testcase classname="backend.tests.test_ai_daily_briefing.TestContentAndPersistence" name="test_briefing_has_four_sections" time="0.047" /><testcase classname="backend.tests.test_ai_daily_briefing.TestRegression" name="test_borrower_score_still_works" time="4.041" /><testcase classname="backend.tests.test_ai_daily_briefing.TestRegression" name="test_lender_match_still_works" time="7.801" /><testcase classname="backend.tests.test_ai_daily_briefing.TestRegression" name="test_dashboard_stats_still_works" time="0.060" /></testsuite></testsuites>