<?xml version="1.0" encoding="utf-8"?><testsuites name="pytest tests"><testsuite name="pytest" errors="0" failures="0" skipped="3" tests="14" time="36.691" timestamp="2026-05-23T20:24:50.560418+00:00" hostname="agent-env-c3a8ea98-54f0-48fd-bd26-6443cf6b5783"><testcase classname="backend.tests.test_ai_lender_match.TestLenderMatchEndpoint" name="test_auth_required" time="0.306" /><testcase classname="backend.tests.test_ai_lender_match.TestLenderMatchEndpoint" name="test_invalid_case_404" time="0.453" /><testcase classname="backend.tests.test_ai_lender_match.TestLenderMatchEndpoint" name="test_valid_case_returns_matches" time="7.729" /><testcase classname="backend.tests.test_ai_lender_match.TestHardFilter" name="test_excluded_when_max_ltv_below_case_ltv" time="8.033" /><testcase classname="backend.tests.test_ai_lender_match.TestHardFilter" name="test_excluded_when_min_loan_above_case_loan" time="7.839" /><testcase classname="backend.tests.test_ai_lender_match.TestHardFilter" name="test_excluded_when_max_loan_below_case_loan" time="7.065" /><testcase classname="backend.tests.test_ai_lender_match.TestHardFilter" name="test_excluded_when_client_self_employed_and_lender_does_not_accept" time="0.000"><skipped type="pytest.skip" message="Client is not self-employed">/app/backend/tests/test_ai_lender_match.py:169: Client is not self-employed</skipped></testcase><testcase classname="backend.tests.test_ai_lender_match.TestHardFilter" name="test_excluded_when_client_contractor_and_lender_does_not_accept" time="0.000"><skipped type="pytest.skip" message="Client is not contractor">/app/backend/tests/test_ai_lender_match.py:181: Client is not contractor</skipped></testcase><testcase classname="backend.tests.test_ai_lender_match.TestHardFilter" name="test_excluded_when_client_adverse_and_lender_does_not_accept" time="0.000"><skipped type="pytest.skip" message="Client credit is not adverse">/app/backend/tests/test_ai_lender_match.py:193: Client credit is not adverse</skipped></testcase><testcase classname="backend.tests.test_ai_lender_match.TestEmptyResult" name="test_no_eligible_returns_message" time="0.261" /><testcase classname="backend.tests.test_ai_lender_match.TestUpdateCaseLender" name="test_patch_with_valid_lender_updates_and_enriches" time="0.153" /><testcase classname="backend.tests.test_ai_lender_match.TestUpdateCaseLender" name="test_patch_with_nonexistent_lender_404" time="0.063" /><testcase classname="backend.tests.test_ai_lender_match.TestUpdateCaseLender" name="test_patch_with_nonexistent_case_404" time="0.053" /><testcase classname="backend.tests.test_ai_lender_match.TestRegressionBorrowerScore" name="test_borrower_score_endpoint_still_works" time="4.652" /></testsuite></testsuites>