<?xml version="1.0" encoding="utf-8"?><testsuites name="pytest tests"><testsuite name="pytest" errors="0" failures="0" skipped="1" tests="19" time="1.973" timestamp="2026-05-23T19:17:32.093891+00:00" hostname="agent-env-c3a8ea98-54f0-48fd-bd26-6443cf6b5783"><testcase classname="backend.tests.test_phase1_new_features.TestDashboardStatsEnhancements" name="test_dashboard_stats_returns_200" time="0.541" /><testcase classname="backend.tests.test_phase1_new_features.TestDashboardStatsEnhancements" name="test_dashboard_stats_has_alerts_field" time="0.057" /><testcase classname="backend.tests.test_phase1_new_features.TestDashboardStatsEnhancements" name="test_dashboard_stats_alerts_has_required_keys" time="0.054" /><testcase classname="backend.tests.test_phase1_new_features.TestDashboardStatsEnhancements" name="test_dashboard_stats_alerts_counts_are_ints" time="0.053" /><testcase classname="backend.tests.test_phase1_new_features.TestDashboardStatsEnhancements" name="test_dashboard_stats_has_recent_cases_field" time="0.052" /><testcase classname="backend.tests.test_phase1_new_features.TestDashboardStatsEnhancements" name="test_dashboard_stats_recent_cases_max_5" time="0.054" /><testcase classname="backend.tests.test_phase1_new_features.TestDashboardStatsEnhancements" name="test_dashboard_stats_recent_cases_fields" time="0.051" /><testcase classname="backend.tests.test_phase1_new_features.TestDashboardStatsEnhancements" name="test_dashboard_stats_existing_fields_intact" time="0.051" /><testcase classname="backend.tests.test_phase1_new_features.TestClawbackRiskEndpoint" name="test_clawback_risk_returns_200" time="0.047" /><testcase classname="backend.tests.test_phase1_new_features.TestClawbackRiskEndpoint" name="test_clawback_risk_response_structure" time="0.051" /><testcase classname="backend.tests.test_phase1_new_features.TestClawbackRiskEndpoint" name="test_clawback_risk_total_matches_list" time="0.047" /><testcase classname="backend.tests.test_phase1_new_features.TestClawbackRiskEndpoint" name="test_clawback_risk_items_have_required_fields" time="0.048"><skipped type="pytest.skip" message="No clawback risk items available to validate fields">/app/backend/tests/test_phase1_new_features.py:140: No clawback risk items available to validate fields</skipped></testcase><testcase classname="backend.tests.test_phase1_new_features.TestClawbackRiskEndpoint" name="test_clawback_risk_days_remaining_positive" time="0.052" /><testcase classname="backend.tests.test_phase1_new_features.TestClawbackRiskEndpoint" name="test_clawback_risk_unauthorized_returns_401" time="0.138" /><testcase classname="backend.tests.test_phase1_new_features.TestClawbackWithData" name="test_clawback_commission_appears_in_endpoint" time="0.150" /><testcase classname="backend.tests.test_phase1_new_features.TestClawbackWithData" name="test_clawback_commission_days_remaining_correct" time="0.048" /><testcase classname="backend.tests.test_phase1_new_features.TestClawbackWithData" name="test_clawback_commission_formatted_date" time="0.097" /><testcase classname="backend.tests.test_phase1_new_features.TestAtomicInvoiceSequence" name="test_invoice_generates_correct_format" time="0.118" /><testcase classname="backend.tests.test_phase1_new_features.TestAtomicInvoiceSequence" name="test_invoice_number_increments" time="0.162" /></testsuite></testsuites>