<?xml version="1.0" encoding="utf-8"?><testsuites name="pytest tests"><testsuite name="pytest" errors="0" failures="0" skipped="0" tests="13" time="38.000" timestamp="2026-05-23T20:42:09.992652+00:00" hostname="agent-env-c3a8ea98-54f0-48fd-bd26-6443cf6b5783"><testcase classname="backend.tests.test_ai_daily_briefing.TestAuth" name="test_get_without_auth" time="0.779" /><testcase classname="backend.tests.test_ai_daily_briefing.TestAuth" name="test_delete_without_auth" time="0.136" /><testcase classname="backend.tests.test_ai_daily_briefing.TestAuth" name="test_probe_without_auth" time="0.143" /><testcase classname="backend.tests.test_ai_daily_briefing.TestProbe" name="test_probe_with_no_cache_is_fast_and_returns_null" time="0.114" /><testcase classname="backend.tests.test_ai_daily_briefing.TestGenerateAndCache" name="test_first_call_generates_then_second_call_uses_cache" time="7.645" /><testcase classname="backend.tests.test_ai_daily_briefing.TestGenerateAndCache" name="test_probe_with_existing_cache_returns_cached" time="0.049" /><testcase classname="backend.tests.test_ai_daily_briefing.TestDeleteCache" name="test_delete_clears_cache_and_next_get_regenerates" time="9.552" /><testcase classname="backend.tests.test_ai_daily_briefing.TestDeleteCache" name="test_delete_without_existing_cache_is_idempotent" time="0.106" /><testcase classname="backend.tests.test_ai_daily_briefing.TestContentAndPersistence" name="test_briefing_mentions_pipeline_context" time="8.487" /><testcase classname="backend.tests.test_ai_daily_briefing.TestContentAndPersistence" name="test_probe_response_shape_strict" time="0.117" /><testcase classname="backend.tests.test_ai_daily_briefing.TestRegression" name="test_borrower_score_still_works" time="4.085" /><testcase classname="backend.tests.test_ai_daily_briefing.TestRegression" name="test_lender_match_still_works" time="6.654" /><testcase classname="backend.tests.test_ai_daily_briefing.TestRegression" name="test_dashboard_stats_still_works" time="0.066" /></testsuite></testsuites>