<?xml version="1.0" encoding="utf-8"?><testsuites name="pytest tests"><testsuite name="pytest" errors="0" failures="0" skipped="0" tests="13" time="52.783" timestamp="2026-05-23T20:13:40.866668+00:00" hostname="agent-env-c3a8ea98-54f0-48fd-bd26-6443cf6b5783"><testcase classname="backend.tests.test_phase2_borrower_score.TestBorrowerScoreAuth" name="test_no_auth_returns_401_or_403" time="0.252" /><testcase classname="backend.tests.test_phase2_borrower_score.TestBorrowerScoreInvalidClient" name="test_unknown_client_returns_404" time="0.397" /><testcase classname="backend.tests.test_phase2_borrower_score.TestBorrowerScoreValid" name="test_returns_200" time="4.581" /><testcase classname="backend.tests.test_phase2_borrower_score.TestBorrowerScoreValid" name="test_response_envelope" time="4.108" /><testcase classname="backend.tests.test_phase2_borrower_score.TestBorrowerScoreValid" name="test_score_range_and_types" time="3.838" /><testcase classname="backend.tests.test_phase2_borrower_score.TestBorrowerScoreValid" name="test_classification_valid" time="4.898" /><testcase classname="backend.tests.test_phase2_borrower_score.TestBorrowerScoreValid" name="test_classification_matches_score_threshold" time="4.008" /><testcase classname="backend.tests.test_phase2_borrower_score.TestBorrowerScoreValid" name="test_summary_nonempty_string" time="4.970" /><testcase classname="backend.tests.test_phase2_borrower_score.TestBorrowerScoreValid" name="test_breakdown_has_five_components" time="4.363" /><testcase classname="backend.tests.test_phase2_borrower_score.TestBorrowerScoreValid" name="test_breakdown_max_values" time="4.709" /><testcase classname="backend.tests.test_phase2_borrower_score.TestBorrowerScoreValid" name="test_breakdown_points_sum_equals_score" time="3.691" /><testcase classname="backend.tests.test_phase2_borrower_score.TestBorrowerScoreValid" name="test_breakdown_points_within_max" time="4.416" /><testcase classname="backend.tests.test_phase2_borrower_score.TestBorrowerScoreValid" name="test_deterministic_score" time="8.488" /></testsuite></testsuites>