<?xml version="1.0" encoding="utf-8"?><testsuites name="pytest tests"><testsuite name="pytest" errors="0" failures="0" skipped="0" tests="27" time="3.903" timestamp="2026-05-21T01:02:35.981752+00:00" hostname="agent-env-76c17c96-d5da-46e9-9f88-a13c59ac07ad"><testcase classname="backend.tests.backend_test" name="test_health" time="0.152" /><testcase classname="backend.tests.backend_test.TestAuth" name="test_login_success_sets_httponly_cookies" time="0.403" /><testcase classname="backend.tests.backend_test.TestAuth" name="test_login_invalid_password" time="0.347" /><testcase classname="backend.tests.backend_test.TestAuth" name="test_auth_me" time="0.382" /><testcase classname="backend.tests.backend_test.TestAuth" name="test_unauthenticated_access" time="0.110" /><testcase classname="backend.tests.backend_test.TestAuth" name="test_register_new_user_and_onboarding" time="0.466" /><testcase classname="backend.tests.backend_test.TestAuth" name="test_register_duplicate_email" time="0.128" /><testcase classname="backend.tests.backend_test.TestAuth" name="test_logout" time="0.378" /><testcase classname="backend.tests.backend_test.TestClients" name="test_create_client" time="0.046" /><testcase classname="backend.tests.backend_test.TestClients" name="test_list_clients" time="0.047" /><testcase classname="backend.tests.backend_test.TestClients" name="test_get_client" time="0.054" /><testcase classname="backend.tests.backend_test.TestClients" name="test_update_client" time="0.095" /><testcase classname="backend.tests.backend_test.TestLenders" name="test_create_lender" time="0.048" /><testcase classname="backend.tests.backend_test.TestLenders" name="test_list_lenders" time="0.052" /><testcase classname="backend.tests.backend_test.TestLenders" name="test_update_lender" time="0.048" /><testcase classname="backend.tests.backend_test.TestCases" name="test_create_case_with_ltv" time="0.049" /><testcase classname="backend.tests.backend_test.TestCases" name="test_create_case_invalid_client" time="0.049" /><testcase classname="backend.tests.backend_test.TestCases" name="test_list_cases_with_enrichment" time="0.046" /><testcase classname="backend.tests.backend_test.TestCases" name="test_update_case_stage" time="0.051" /><testcase classname="backend.tests.backend_test.TestCases" name="test_get_case_detail" time="0.068" /><testcase classname="backend.tests.backend_test.TestCases" name="test_case_note_create_and_list" time="0.105" /><testcase classname="backend.tests.backend_test.TestCommissions" name="test_create_commission" time="0.055" /><testcase classname="backend.tests.backend_test.TestCommissions" name="test_list_commissions_enriched" time="0.059" /><testcase classname="backend.tests.backend_test.TestDashboard" name="test_dashboard_stats" time="0.056" /><testcase classname="backend.tests.backend_test.TestSettings" name="test_update_profile_fca" time="0.050" /><testcase classname="backend.tests.backend_test.TestSettings" name="test_change_password_wrong_current" time="0.269" /><testcase classname="backend.tests.backend_test" name="test_zzz_cleanup" time="0.189" /></testsuite></testsuites>