<?xml version="1.0" encoding="utf-8"?><testsuites name="pytest tests"><testsuite name="pytest" errors="0" failures="0" skipped="0" tests="38" time="5.201" timestamp="2026-05-23T14:47:45.890027+00:00" hostname="agent-env-76c17c96-d5da-46e9-9f88-a13c59ac07ad"><testcase classname="backend.tests.backend_test" name="test_health" time="0.271" /><testcase classname="backend.tests.backend_test.TestAuth" name="test_login_success_sets_httponly_cookies" time="0.347" /><testcase classname="backend.tests.backend_test.TestAuth" name="test_login_invalid_password" time="0.347" /><testcase classname="backend.tests.backend_test.TestAuth" name="test_auth_me" time="0.417" /><testcase classname="backend.tests.backend_test.TestAuth" name="test_unauthenticated_access" time="0.102" /><testcase classname="backend.tests.backend_test.TestAuth" name="test_register_new_user_and_onboarding" time="0.504" /><testcase classname="backend.tests.backend_test.TestAuth" name="test_register_duplicate_email" time="0.160" /><testcase classname="backend.tests.backend_test.TestAuth" name="test_logout" time="0.388" /><testcase classname="backend.tests.backend_test.TestClients" name="test_create_client" time="0.058" /><testcase classname="backend.tests.backend_test.TestClients" name="test_list_clients" time="0.056" /><testcase classname="backend.tests.backend_test.TestClients" name="test_get_client" time="0.054" /><testcase classname="backend.tests.backend_test.TestClients" name="test_update_client" time="0.121" /><testcase classname="backend.tests.backend_test.TestLenders" name="test_create_lender" time="0.055" /><testcase classname="backend.tests.backend_test.TestLenders" name="test_list_lenders" time="0.056" /><testcase classname="backend.tests.backend_test.TestLenders" name="test_update_lender" time="0.056" /><testcase classname="backend.tests.backend_test.TestCases" name="test_create_case_with_ltv" time="0.055" /><testcase classname="backend.tests.backend_test.TestCases" name="test_create_case_invalid_client" time="0.056" /><testcase classname="backend.tests.backend_test.TestCases" name="test_list_cases_with_enrichment" time="0.060" /><testcase classname="backend.tests.backend_test.TestCases" name="test_update_case_stage" time="0.060" /><testcase classname="backend.tests.backend_test.TestCases" name="test_get_case_detail" time="0.065" /><testcase classname="backend.tests.backend_test.TestCases" name="test_case_note_create_and_list" time="0.113" /><testcase classname="backend.tests.backend_test.TestCommissions" name="test_create_commission" time="0.056" /><testcase classname="backend.tests.backend_test.TestCommissions" name="test_list_commissions_enriched" time="0.059" /><testcase classname="backend.tests.backend_test.TestDashboard" name="test_dashboard_stats" time="0.058" /><testcase classname="backend.tests.backend_test.TestSettings" name="test_update_profile_fca" time="0.057" /><testcase classname="backend.tests.backend_test.TestSettings" name="test_change_password_wrong_current" time="0.283" /><testcase classname="backend.tests.backend_test.TestNotesTimeline" name="test_create_note_returns_author_and_timestamp" time="0.054" /><testcase classname="backend.tests.backend_test.TestNotesTimeline" name="test_list_notes_via_query_param" time="0.062" /><testcase classname="backend.tests.backend_test.TestNotesTimeline" name="test_notes_sorted_desc" time="0.106" /><testcase classname="backend.tests.backend_test.TestNotesTimeline" name="test_note_2000_char_limit_enforced" time="0.054" /><testcase classname="backend.tests.backend_test.TestNotesTimeline" name="test_note_exactly_2000_chars_allowed" time="0.056" /><testcase classname="backend.tests.backend_test.TestNotesTimeline" name="test_note_invalid_case_returns_404" time="0.095" /><testcase classname="backend.tests.backend_test.TestNotesTimeline" name="test_notes_unauthenticated_blocked" time="0.127" /><testcase classname="backend.tests.backend_test.TestInvoicePDF" name="test_generate_invoice_returns_pdf" time="0.064" /><testcase classname="backend.tests.backend_test.TestInvoicePDF" name="test_invoice_sequence_increments" time="0.117" /><testcase classname="backend.tests.backend_test.TestInvoicePDF" name="test_invoice_invalid_commission_404" time="0.055" /><testcase classname="backend.tests.backend_test.TestInvoicePDF" name="test_invoice_unauthenticated_blocked" time="0.171" /><testcase classname="backend.tests.backend_test" name="test_zzz_cleanup" time="0.216" /></testsuite></testsuites>