<?xml version="1.0" encoding="utf-8"?><testsuites name="pytest tests"><testsuite name="pytest" errors="0" failures="0" skipped="0" tests="21" time="2.510" timestamp="2026-06-10T12:40:23.603816+00:00" hostname="agent-env-7e48a8c3-74c0-4942-876c-353fe1dd344f"><testcase classname="backend.tests.test_retention.TestRetentionAuth" name="test_cases_no_auth" time="0.275" /><testcase classname="backend.tests.test_retention.TestRetentionAuth" name="test_patch_no_auth" time="0.108" /><testcase classname="backend.tests.test_retention.TestRetentionAuth" name="test_alerts_no_auth" time="0.136" /><testcase classname="backend.tests.test_retention.TestRetentionCases" name="test_response_envelope" time="0.528" /><testcase classname="backend.tests.test_retention.TestRetentionCases" name="test_summary_fields" time="0.056" /><testcase classname="backend.tests.test_retention.TestRetentionCases" name="test_case_fields" time="0.051" /><testcase classname="backend.tests.test_retention.TestRetentionCases" name="test_window_90_filter" time="0.052" /><testcase classname="backend.tests.test_retention.TestRetentionCases" name="test_window_minus1_expired" time="0.051" /><testcase classname="backend.tests.test_retention.TestRetentionCases" name="test_status_filter" time="0.050" /><testcase classname="backend.tests.test_retention.TestRetentionCases" name="test_default_retention_status_none" time="0.051" /><testcase classname="backend.tests.test_retention.TestPatchRetentionStatus" name="test_mark_contacted" time="0.056" /><testcase classname="backend.tests.test_retention.TestPatchRetentionStatus" name="test_verify_status_persisted" time="0.052" /><testcase classname="backend.tests.test_retention.TestPatchRetentionStatus" name="test_valid_statuses" time="0.205" /><testcase classname="backend.tests.test_retention.TestPatchRetentionStatus" name="test_invalid_status_422" time="0.050" /><testcase classname="backend.tests.test_retention.TestPatchRetentionStatus" name="test_nonexistent_case_404" time="0.052" /><testcase classname="backend.tests.test_retention.TestRetentionAlerts" name="test_alerts_envelope" time="0.049" /><testcase classname="backend.tests.test_retention.TestRetentionAlerts" name="test_alerts_only_within_30_days" time="0.052" /><testcase classname="backend.tests.test_retention.TestRetentionAlerts" name="test_alerts_fields" time="0.049" /><testcase classname="backend.tests.test_retention.TestRegression" name="test_login" time="0.275" /><testcase classname="backend.tests.test_retention.TestRegression" name="test_dashboard_stats" time="0.057" /><testcase classname="backend.tests.test_retention.TestRegression" name="test_cases_list" time="0.159" /></testsuite></testsuites>